Analysis & Synthesis report for Proyecto_Final
Fri Oct 26 09:04:28 2018
Quartus Prime Version 17.1.0 Build 590 10/25/2017 SJ Lite Edition


---------------------
; Table of Contents ;
---------------------
  1. Legal Notice
  2. Analysis & Synthesis Summary
  3. Analysis & Synthesis Settings
  4. Parallel Compilation
  5. Analysis & Synthesis Source Files Read
  6. Analysis & Synthesis Resource Usage Summary
  7. Analysis & Synthesis Resource Utilization by Entity
  8. State Machine - |vga|controlPintado:pintor|state
  9. Registers Removed During Synthesis
 10. General Register Statistics
 11. Multiplexer Restructuring Statistics (Restructuring Performed)
 12. Parameter Settings for User Entity Instance: generadorColor:genColor|n_counter:randColor1
 13. Parameter Settings for User Entity Instance: generadorColor:genColor|n_counter:randColor4
 14. Parameter Settings for User Entity Instance: generadorColor:genColor|n_counter:randColor6
 15. Parameter Settings for User Entity Instance: vgaController:pantallazo
 16. Parameter Settings for User Entity Instance: selectorCuadrante:SC
 17. Post-Synthesis Netlist Statistics for Top Partition
 18. Elapsed Time Per Partition
 19. Analysis & Synthesis Messages



----------------
; Legal Notice ;
----------------
Copyright (C) 2017  Intel Corporation. All rights reserved.
Your use of Intel Corporation's design tools, logic functions 
and other software and tools, and its AMPP partner logic 
functions, and any output files from any of the foregoing 
(including device programming or simulation files), and any 
associated documentation or information are expressly subject 
to the terms and conditions of the Intel Program License 
Subscription Agreement, the Intel Quartus Prime License Agreement,
the Intel FPGA IP License Agreement, or other applicable license
agreement, including, without limitation, that your use is for
the sole purpose of programming logic devices manufactured by
Intel and sold by Intel or its authorized distributors.  Please
refer to the applicable agreement for further details.



+-------------------------------------------------------------------------------+
; Analysis & Synthesis Summary                                                  ;
+---------------------------------+---------------------------------------------+
; Analysis & Synthesis Status     ; Successful - Fri Oct 26 09:04:28 2018       ;
; Quartus Prime Version           ; 17.1.0 Build 590 10/25/2017 SJ Lite Edition ;
; Revision Name                   ; Proyecto_Final                              ;
; Top-level Entity Name           ; vga                                         ;
; Family                          ; Cyclone V                                   ;
; Logic utilization (in ALMs)     ; N/A                                         ;
; Total registers                 ; 101                                         ;
; Total pins                      ; 32                                          ;
; Total virtual pins              ; 0                                           ;
; Total block memory bits         ; 0                                           ;
; Total DSP Blocks                ; 0                                           ;
; Total HSSI RX PCSs              ; 0                                           ;
; Total HSSI PMA RX Deserializers ; 0                                           ;
; Total HSSI TX PCSs              ; 0                                           ;
; Total HSSI PMA TX Serializers   ; 0                                           ;
; Total PLLs                      ; 0                                           ;
; Total DLLs                      ; 0                                           ;
+---------------------------------+---------------------------------------------+


+---------------------------------------------------------------------------------------------------------------------------+
; Analysis & Synthesis Settings                                                                                             ;
+---------------------------------------------------------------------------------+--------------------+--------------------+
; Option                                                                          ; Setting            ; Default Value      ;
+---------------------------------------------------------------------------------+--------------------+--------------------+
; Device                                                                          ; 5CSEMA5F31C6       ;                    ;
; Top-level entity name                                                           ; vga                ; Proyecto_Final     ;
; Family name                                                                     ; Cyclone V          ; Cyclone V          ;
; Use smart compilation                                                           ; Off                ; Off                ;
; Enable parallel Assembler and TimeQuest Timing Analyzer during compilation      ; On                 ; On                 ;
; Enable compact report table                                                     ; Off                ; Off                ;
; Restructure Multiplexers                                                        ; Auto               ; Auto               ;
; MLAB Add Timing Constraints For Mixed-Port Feed-Through Mode Setting Don't Care ; Off                ; Off                ;
; Create Debugging Nodes for IP Cores                                             ; Off                ; Off                ;
; Preserve fewer node names                                                       ; On                 ; On                 ;
; Intel FPGA IP Evaluation Mode                                                   ; Enable             ; Enable             ;
; Verilog Version                                                                 ; Verilog_2001       ; Verilog_2001       ;
; VHDL Version                                                                    ; VHDL_1993          ; VHDL_1993          ;
; State Machine Processing                                                        ; Auto               ; Auto               ;
; Safe State Machine                                                              ; Off                ; Off                ;
; Extract Verilog State Machines                                                  ; On                 ; On                 ;
; Extract VHDL State Machines                                                     ; On                 ; On                 ;
; Ignore Verilog initial constructs                                               ; Off                ; Off                ;
; Iteration limit for constant Verilog loops                                      ; 5000               ; 5000               ;
; Iteration limit for non-constant Verilog loops                                  ; 250                ; 250                ;
; Add Pass-Through Logic to Inferred RAMs                                         ; On                 ; On                 ;
; Infer RAMs from Raw Logic                                                       ; On                 ; On                 ;
; Parallel Synthesis                                                              ; On                 ; On                 ;
; DSP Block Balancing                                                             ; Auto               ; Auto               ;
; NOT Gate Push-Back                                                              ; On                 ; On                 ;
; Power-Up Don't Care                                                             ; On                 ; On                 ;
; Remove Redundant Logic Cells                                                    ; Off                ; Off                ;
; Remove Duplicate Registers                                                      ; On                 ; On                 ;
; Ignore CARRY Buffers                                                            ; Off                ; Off                ;
; Ignore CASCADE Buffers                                                          ; Off                ; Off                ;
; Ignore GLOBAL Buffers                                                           ; Off                ; Off                ;
; Ignore ROW GLOBAL Buffers                                                       ; Off                ; Off                ;
; Ignore LCELL Buffers                                                            ; Off                ; Off                ;
; Ignore SOFT Buffers                                                             ; On                 ; On                 ;
; Limit AHDL Integers to 32 Bits                                                  ; Off                ; Off                ;
; Optimization Technique                                                          ; Balanced           ; Balanced           ;
; Carry Chain Length                                                              ; 70                 ; 70                 ;
; Auto Carry Chains                                                               ; On                 ; On                 ;
; Auto Open-Drain Pins                                                            ; On                 ; On                 ;
; Perform WYSIWYG Primitive Resynthesis                                           ; Off                ; Off                ;
; Auto ROM Replacement                                                            ; On                 ; On                 ;
; Auto RAM Replacement                                                            ; On                 ; On                 ;
; Auto DSP Block Replacement                                                      ; On                 ; On                 ;
; Auto Shift Register Replacement                                                 ; Auto               ; Auto               ;
; Allow Shift Register Merging across Hierarchies                                 ; Auto               ; Auto               ;
; Auto Clock Enable Replacement                                                   ; On                 ; On                 ;
; Strict RAM Replacement                                                          ; Off                ; Off                ;
; Allow Synchronous Control Signals                                               ; On                 ; On                 ;
; Force Use of Synchronous Clear Signals                                          ; Off                ; Off                ;
; Auto Resource Sharing                                                           ; Off                ; Off                ;
; Allow Any RAM Size For Recognition                                              ; Off                ; Off                ;
; Allow Any ROM Size For Recognition                                              ; Off                ; Off                ;
; Allow Any Shift Register Size For Recognition                                   ; Off                ; Off                ;
; Use LogicLock Constraints during Resource Balancing                             ; On                 ; On                 ;
; Ignore translate_off and synthesis_off directives                               ; Off                ; Off                ;
; Timing-Driven Synthesis                                                         ; On                 ; On                 ;
; Report Parameter Settings                                                       ; On                 ; On                 ;
; Report Source Assignments                                                       ; On                 ; On                 ;
; Report Connectivity Checks                                                      ; On                 ; On                 ;
; Ignore Maximum Fan-Out Assignments                                              ; Off                ; Off                ;
; Synchronization Register Chain Length                                           ; 3                  ; 3                  ;
; Power Optimization During Synthesis                                             ; Normal compilation ; Normal compilation ;
; HDL message level                                                               ; Level2             ; Level2             ;
; Suppress Register Optimization Related Messages                                 ; Off                ; Off                ;
; Number of Removed Registers Reported in Synthesis Report                        ; 5000               ; 5000               ;
; Number of Swept Nodes Reported in Synthesis Report                              ; 5000               ; 5000               ;
; Number of Inverted Registers Reported in Synthesis Report                       ; 100                ; 100                ;
; Clock MUX Protection                                                            ; On                 ; On                 ;
; Auto Gated Clock Conversion                                                     ; Off                ; Off                ;
; Block Design Naming                                                             ; Auto               ; Auto               ;
; SDC constraint protection                                                       ; Off                ; Off                ;
; Synthesis Effort                                                                ; Auto               ; Auto               ;
; Shift Register Replacement - Allow Asynchronous Clear Signal                    ; On                 ; On                 ;
; Pre-Mapping Resynthesis Optimization                                            ; Off                ; Off                ;
; Analysis & Synthesis Message Level                                              ; Medium             ; Medium             ;
; Disable Register Merging Across Hierarchies                                     ; Auto               ; Auto               ;
; Resource Aware Inference For Block RAM                                          ; On                 ; On                 ;
; Automatic Parallel Synthesis                                                    ; On                 ; On                 ;
; Partial Reconfiguration Bitstream ID                                            ; Off                ; Off                ;
+---------------------------------------------------------------------------------+--------------------+--------------------+


+------------------------------------------+
; Parallel Compilation                     ;
+----------------------------+-------------+
; Processors                 ; Number      ;
+----------------------------+-------------+
; Number detected on machine ; 8           ;
; Maximum allowed            ; 4           ;
;                            ;             ;
; Average used               ; 1.00        ;
; Maximum used               ; 4           ;
;                            ;             ;
; Usage by Processor         ; % Time Used ;
;     Processor 1            ; 100.0%      ;
;     Processors 2-4         ;   0.0%      ;
+----------------------------+-------------+


+---------------------------------------------------------------------------------------------------------------------------------------------------------+
; Analysis & Synthesis Source Files Read                                                                                                                  ;
+----------------------------------+-----------------+------------------------------+-----------------------------------------------------------+---------+
; File Name with User-Entered Path ; Used in Netlist ; File Type                    ; File Name with Absolute Path                              ; Library ;
+----------------------------------+-----------------+------------------------------+-----------------------------------------------------------+---------+
; vgaController.sv                 ; yes             ; User SystemVerilog HDL File  ; C:/Users/user/Desktop/Proyecto_Final/vgaController.sv     ;         ;
; vga.sv                           ; yes             ; User SystemVerilog HDL File  ; C:/Users/user/Desktop/Proyecto_Final/vga.sv               ;         ;
; selectorCuadrante.sv             ; yes             ; User SystemVerilog HDL File  ; C:/Users/user/Desktop/Proyecto_Final/selectorCuadrante.sv ;         ;
; n_counter_rand1.sv               ; yes             ; User SystemVerilog HDL File  ; C:/Users/user/Desktop/Proyecto_Final/n_counter_rand1.sv   ;         ;
; n_counter.sv                     ; yes             ; User SystemVerilog HDL File  ; C:/Users/user/Desktop/Proyecto_Final/n_counter.sv         ;         ;
; mux4.sv                          ; yes             ; User SystemVerilog HDL File  ; C:/Users/user/Desktop/Proyecto_Final/mux4.sv              ;         ;
; generadorColor.sv                ; yes             ; User SystemVerilog HDL File  ; C:/Users/user/Desktop/Proyecto_Final/generadorColor.sv    ;         ;
; freqDivider.sv                   ; yes             ; User SystemVerilog HDL File  ; C:/Users/user/Desktop/Proyecto_Final/freqDivider.sv       ;         ;
; controlPintado.sv                ; yes             ; User SystemVerilog HDL File  ; C:/Users/user/Desktop/Proyecto_Final/controlPintado.sv    ;         ;
; colorRegister.sv                 ; yes             ; User SystemVerilog HDL File  ; C:/Users/user/Desktop/Proyecto_Final/colorRegister.sv     ;         ;
+----------------------------------+-----------------+------------------------------+-----------------------------------------------------------+---------+


+-----------------------------------------------------------+
; Analysis & Synthesis Resource Usage Summary               ;
+---------------------------------------------+-------------+
; Resource                                    ; Usage       ;
+---------------------------------------------+-------------+
; Estimate of Logic utilization (ALMs needed) ; 66          ;
;                                             ;             ;
; Combinational ALUT usage for logic          ; 74          ;
;     -- 7 input functions                    ; 0           ;
;     -- 6 input functions                    ; 22          ;
;     -- 5 input functions                    ; 4           ;
;     -- 4 input functions                    ; 5           ;
;     -- <=3 input functions                  ; 43          ;
;                                             ;             ;
; Dedicated logic registers                   ; 101         ;
;                                             ;             ;
; I/O pins                                    ; 32          ;
;                                             ;             ;
; Total DSP Blocks                            ; 0           ;
;                                             ;             ;
; Maximum fan-out node                        ; reset~input ;
; Maximum fan-out                             ; 101         ;
; Total fan-out                               ; 654         ;
; Average fan-out                             ; 2.74        ;
+---------------------------------------------+-------------+


+------------------------------------------------------------------------------------------------------------------------------------------------------------------------------------------------------------------------------------------+
; Analysis & Synthesis Resource Utilization by Entity                                                                                                                                                                                      ;
+------------------------------------+---------------------+---------------------------+-------------------+------------+------+--------------+---------------------------------------------------------+-------------------+--------------+
; Compilation Hierarchy Node         ; Combinational ALUTs ; Dedicated Logic Registers ; Block Memory Bits ; DSP Blocks ; Pins ; Virtual Pins ; Full Hierarchy Name                                     ; Entity Name       ; Library Name ;
+------------------------------------+---------------------+---------------------------+-------------------+------------+------+--------------+---------------------------------------------------------+-------------------+--------------+
; |vga                               ; 74 (0)              ; 101 (0)                   ; 0                 ; 0          ; 32   ; 0            ; |vga                                                    ; vga               ; work         ;
;    |colorRegister:C1|              ; 0 (0)               ; 15 (15)                   ; 0                 ; 0          ; 0    ; 0            ; |vga|colorRegister:C1                                   ; colorRegister     ; work         ;
;    |colorRegister:C2|              ; 0 (0)               ; 15 (15)                   ; 0                 ; 0          ; 0    ; 0            ; |vga|colorRegister:C2                                   ; colorRegister     ; work         ;
;    |colorRegister:C3|              ; 0 (0)               ; 15 (15)                   ; 0                 ; 0          ; 0    ; 0            ; |vga|colorRegister:C3                                   ; colorRegister     ; work         ;
;    |colorRegister:C4|              ; 0 (0)               ; 15 (15)                   ; 0                 ; 0          ; 0    ; 0            ; |vga|colorRegister:C4                                   ; colorRegister     ; work         ;
;    |controlPintado:pintor|         ; 3 (3)               ; 5 (5)                     ; 0                 ; 0          ; 0    ; 0            ; |vga|controlPintado:pintor                              ; controlPintado    ; work         ;
;    |freqDivider:vgaCLOCK|          ; 1 (1)               ; 1 (1)                     ; 0                 ; 0          ; 0    ; 0            ; |vga|freqDivider:vgaCLOCK                               ; freqDivider       ; work         ;
;    |generadorColor:genColor|       ; 15 (0)              ; 15 (0)                    ; 0                 ; 0          ; 0    ; 0            ; |vga|generadorColor:genColor                            ; generadorColor    ; work         ;
;       |n_counter:randColor1|       ; 4 (4)               ; 4 (4)                     ; 0                 ; 0          ; 0    ; 0            ; |vga|generadorColor:genColor|n_counter:randColor1       ; n_counter         ; work         ;
;       |n_counter:randColor4|       ; 8 (8)               ; 8 (8)                     ; 0                 ; 0          ; 0    ; 0            ; |vga|generadorColor:genColor|n_counter:randColor4       ; n_counter         ; work         ;
;       |n_counter_rand1:randColor2| ; 3 (3)               ; 3 (3)                     ; 0                 ; 0          ; 0    ; 0            ; |vga|generadorColor:genColor|n_counter_rand1:randColor2 ; n_counter_rand1   ; work         ;
;    |mux4:colorMux|                 ; 15 (15)             ; 0 (0)                     ; 0                 ; 0          ; 0    ; 0            ; |vga|mux4:colorMux                                      ; mux4              ; work         ;
;    |selectorCuadrante:SC|          ; 3 (3)               ; 0 (0)                     ; 0                 ; 0          ; 0    ; 0            ; |vga|selectorCuadrante:SC                               ; selectorCuadrante ; work         ;
;    |vgaController:pantallazo|      ; 37 (37)             ; 20 (20)                   ; 0                 ; 0          ; 0    ; 0            ; |vga|vgaController:pantallazo                           ; vgaController     ; work         ;
+------------------------------------+---------------------+---------------------------+-------------------+------------+------+--------------+---------------------------------------------------------+-------------------+--------------+
Note: For table entries with two numbers listed, the numbers in parentheses indicate the number of resources of the given type used by the specific entity alone. The numbers listed outside of parentheses indicate the total resources of the given type used by the specific entity and all of its sub-entities in the hierarchy.


Encoding Type:  One-Hot
+------------------------------------------------------+
; State Machine - |vga|controlPintado:pintor|state     ;
+----------+----------+----------+----------+----------+
; Name     ; state.E3 ; state.E2 ; state.E1 ; state.E0 ;
+----------+----------+----------+----------+----------+
; state.E0 ; 0        ; 0        ; 0        ; 0        ;
; state.E1 ; 0        ; 0        ; 1        ; 1        ;
; state.E2 ; 0        ; 1        ; 0        ; 1        ;
; state.E3 ; 1        ; 0        ; 0        ; 1        ;
+----------+----------+----------+----------+----------+


+-------------------------------------------------------------------------------------------------------------------------------+
; Registers Removed During Synthesis                                                                                            ;
+---------------------------------------------------------+---------------------------------------------------------------------+
; Register name                                           ; Reason for Removal                                                  ;
+---------------------------------------------------------+---------------------------------------------------------------------+
; colorRegister:C4|Q[20]                                  ; Merged with colorRegister:C4|Q[16]                                  ;
; colorRegister:C4|Q[21]                                  ; Merged with colorRegister:C4|Q[17]                                  ;
; colorRegister:C4|Q[22]                                  ; Merged with colorRegister:C4|Q[18]                                  ;
; colorRegister:C4|Q[23]                                  ; Merged with colorRegister:C4|Q[19]                                  ;
; colorRegister:C4|Q[4]                                   ; Merged with colorRegister:C4|Q[0]                                   ;
; colorRegister:C4|Q[5]                                   ; Merged with colorRegister:C4|Q[1]                                   ;
; colorRegister:C4|Q[6]                                   ; Merged with colorRegister:C4|Q[2]                                   ;
; colorRegister:C4|Q[7]                                   ; Merged with colorRegister:C4|Q[3]                                   ;
; generadorColor:genColor|n_counter:randColor6|q[0]       ; Merged with generadorColor:genColor|n_counter:randColor1|q[0]       ;
; generadorColor:genColor|n_counter:randColor6|q[1]       ; Merged with generadorColor:genColor|n_counter:randColor1|q[1]       ;
; generadorColor:genColor|n_counter:randColor6|q[2]       ; Merged with generadorColor:genColor|n_counter:randColor1|q[2]       ;
; generadorColor:genColor|n_counter:randColor6|q[3]       ; Merged with generadorColor:genColor|n_counter:randColor1|q[3]       ;
; generadorColor:genColor|n_counter_rand1:randColor5|q[0] ; Merged with generadorColor:genColor|n_counter_rand1:randColor2|q[0] ;
; generadorColor:genColor|n_counter_rand1:randColor5|q[1] ; Merged with generadorColor:genColor|n_counter_rand1:randColor2|q[1] ;
; generadorColor:genColor|n_counter_rand1:randColor5|q[2] ; Merged with generadorColor:genColor|n_counter_rand1:randColor2|q[2] ;
; generadorColor:genColor|n_counter_rand1:randColor5|q[3] ; Merged with generadorColor:genColor|n_counter_rand1:randColor2|q[3] ;
; colorRegister:C3|Q[20]                                  ; Merged with colorRegister:C3|Q[16]                                  ;
; colorRegister:C2|Q[20]                                  ; Merged with colorRegister:C2|Q[16]                                  ;
; colorRegister:C1|Q[20]                                  ; Merged with colorRegister:C1|Q[16]                                  ;
; colorRegister:C3|Q[21]                                  ; Merged with colorRegister:C3|Q[17]                                  ;
; colorRegister:C2|Q[21]                                  ; Merged with colorRegister:C2|Q[17]                                  ;
; colorRegister:C1|Q[21]                                  ; Merged with colorRegister:C1|Q[17]                                  ;
; colorRegister:C3|Q[22]                                  ; Merged with colorRegister:C3|Q[18]                                  ;
; colorRegister:C2|Q[22]                                  ; Merged with colorRegister:C2|Q[18]                                  ;
; colorRegister:C1|Q[22]                                  ; Merged with colorRegister:C1|Q[18]                                  ;
; colorRegister:C3|Q[23]                                  ; Merged with colorRegister:C3|Q[19]                                  ;
; colorRegister:C2|Q[23]                                  ; Merged with colorRegister:C2|Q[19]                                  ;
; colorRegister:C1|Q[23]                                  ; Merged with colorRegister:C1|Q[19]                                  ;
; colorRegister:C3|Q[4]                                   ; Merged with colorRegister:C3|Q[0]                                   ;
; colorRegister:C2|Q[4]                                   ; Merged with colorRegister:C2|Q[0]                                   ;
; colorRegister:C1|Q[4]                                   ; Merged with colorRegister:C1|Q[0]                                   ;
; colorRegister:C3|Q[5]                                   ; Merged with colorRegister:C3|Q[1]                                   ;
; colorRegister:C2|Q[5]                                   ; Merged with colorRegister:C2|Q[1]                                   ;
; colorRegister:C1|Q[5]                                   ; Merged with colorRegister:C1|Q[1]                                   ;
; colorRegister:C3|Q[6]                                   ; Merged with colorRegister:C3|Q[2]                                   ;
; colorRegister:C2|Q[6]                                   ; Merged with colorRegister:C2|Q[2]                                   ;
; colorRegister:C1|Q[6]                                   ; Merged with colorRegister:C1|Q[2]                                   ;
; colorRegister:C3|Q[7]                                   ; Merged with colorRegister:C3|Q[3]                                   ;
; colorRegister:C2|Q[7]                                   ; Merged with colorRegister:C2|Q[3]                                   ;
; colorRegister:C1|Q[7]                                   ; Merged with colorRegister:C1|Q[3]                                   ;
; controlPintado:pintor|state~4                           ; Lost fanout                                                         ;
; controlPintado:pintor|state~5                           ; Lost fanout                                                         ;
; colorRegister:C4|Q[16]                                  ; Merged with colorRegister:C4|Q[0]                                   ;
; colorRegister:C3|Q[16]                                  ; Merged with colorRegister:C3|Q[0]                                   ;
; colorRegister:C2|Q[16]                                  ; Merged with colorRegister:C2|Q[0]                                   ;
; colorRegister:C1|Q[16]                                  ; Merged with colorRegister:C1|Q[0]                                   ;
; generadorColor:genColor|n_counter_rand1:randColor2|q[0] ; Merged with generadorColor:genColor|n_counter:randColor1|q[0]       ;
; Total Number of Removed Registers = 47                  ;                                                                     ;
+---------------------------------------------------------+---------------------------------------------------------------------+


+------------------------------------------------------+
; General Register Statistics                          ;
+----------------------------------------------+-------+
; Statistic                                    ; Value ;
+----------------------------------------------+-------+
; Total registers                              ; 101   ;
; Number of registers using Synchronous Clear  ; 34    ;
; Number of registers using Synchronous Load   ; 0     ;
; Number of registers using Asynchronous Clear ; 86    ;
; Number of registers using Asynchronous Load  ; 0     ;
; Number of registers using Clock Enable       ; 14    ;
; Number of registers using Preset             ; 0     ;
+----------------------------------------------+-------+


+--------------------------------------------------------------------------------------------------------------------------------------------+
; Multiplexer Restructuring Statistics (Restructuring Performed)                                                                             ;
+--------------------+-----------+---------------+----------------------+------------------------+------------+------------------------------+
; Multiplexer Inputs ; Bus Width ; Baseline Area ; Area if Restructured ; Saving if Restructured ; Registered ; Example Multiplexer Output   ;
+--------------------+-----------+---------------+----------------------+------------------------+------------+------------------------------+
; 4:1                ; 16 bits   ; 32 LEs        ; 32 LEs               ; 0 LEs                  ; No         ; |vga|mux4:colorMux|color[16] ;
+--------------------+-----------+---------------+----------------------+------------------------+------------+------------------------------+


+-------------------------------------------------------------------------------------------+
; Parameter Settings for User Entity Instance: generadorColor:genColor|n_counter:randColor1 ;
+----------------+-------+------------------------------------------------------------------+
; Parameter Name ; Value ; Type                                                             ;
+----------------+-------+------------------------------------------------------------------+
; N              ; 4     ; Signed Integer                                                   ;
+----------------+-------+------------------------------------------------------------------+
Note: In order to hide this table in the UI and the text report file, please set the "Show Parameter Settings in Synthesis Report" option in "Analysis and Synthesis Settings -> More Settings" to "Off".


+-------------------------------------------------------------------------------------------+
; Parameter Settings for User Entity Instance: generadorColor:genColor|n_counter:randColor4 ;
+----------------+-------+------------------------------------------------------------------+
; Parameter Name ; Value ; Type                                                             ;
+----------------+-------+------------------------------------------------------------------+
; N              ; 8     ; Signed Integer                                                   ;
+----------------+-------+------------------------------------------------------------------+
Note: In order to hide this table in the UI and the text report file, please set the "Show Parameter Settings in Synthesis Report" option in "Analysis and Synthesis Settings -> More Settings" to "Off".


+-------------------------------------------------------------------------------------------+
; Parameter Settings for User Entity Instance: generadorColor:genColor|n_counter:randColor6 ;
+----------------+-------+------------------------------------------------------------------+
; Parameter Name ; Value ; Type                                                             ;
+----------------+-------+------------------------------------------------------------------+
; N              ; 4     ; Signed Integer                                                   ;
+----------------+-------+------------------------------------------------------------------+
Note: In order to hide this table in the UI and the text report file, please set the "Show Parameter Settings in Synthesis Report" option in "Analysis and Synthesis Settings -> More Settings" to "Off".


+-----------------------------------------------------------------------+
; Parameter Settings for User Entity Instance: vgaController:pantallazo ;
+----------------+------------+-----------------------------------------+
; Parameter Name ; Value      ; Type                                    ;
+----------------+------------+-----------------------------------------+
; HACTIVE        ; 1001111011 ; Unsigned Binary                         ;
; HFP            ; 0000001111 ; Unsigned Binary                         ;
; HSYN           ; 0001011111 ; Unsigned Binary                         ;
; HBP            ; 0000110000 ; Unsigned Binary                         ;
; HMAX           ; 1100011001 ; Unsigned Binary                         ;
; VBP            ; 0000100001 ; Unsigned Binary                         ;
; VACTIVE        ; 0111100000 ; Unsigned Binary                         ;
; VFP            ; 0000001010 ; Unsigned Binary                         ;
; VSYN           ; 0000000010 ; Unsigned Binary                         ;
; VMAX           ; 1000001101 ; Unsigned Binary                         ;
+----------------+------------+-----------------------------------------+
Note: In order to hide this table in the UI and the text report file, please set the "Show Parameter Settings in Synthesis Report" option in "Analysis and Synthesis Settings -> More Settings" to "Off".


+-------------------------------------------------------------------+
; Parameter Settings for User Entity Instance: selectorCuadrante:SC ;
+----------------+------------+-------------------------------------+
; Parameter Name ; Value      ; Type                                ;
+----------------+------------+-------------------------------------+
; HC2            ; 1001111011 ; Unsigned Binary                     ;
; HC1            ; 0100111101 ; Unsigned Binary                     ;
; VC1            ; 0011110000 ; Unsigned Binary                     ;
; VC2            ; 0111100000 ; Unsigned Binary                     ;
; C1             ; 00         ; Unsigned Binary                     ;
; C2             ; 01         ; Unsigned Binary                     ;
; C3             ; 10         ; Unsigned Binary                     ;
; C4             ; 11         ; Unsigned Binary                     ;
+----------------+------------+-------------------------------------+
Note: In order to hide this table in the UI and the text report file, please set the "Show Parameter Settings in Synthesis Report" option in "Analysis and Synthesis Settings -> More Settings" to "Off".


+-----------------------------------------------------+
; Post-Synthesis Netlist Statistics for Top Partition ;
+-----------------------+-----------------------------+
; Type                  ; Count                       ;
+-----------------------+-----------------------------+
; arriav_ff             ; 101                         ;
;     CLR               ; 62                          ;
;     CLR SCLR          ; 10                          ;
;     ENA CLR           ; 4                           ;
;     ENA CLR SCLR      ; 10                          ;
;     SCLR              ; 14                          ;
;     plain             ; 1                           ;
; arriav_lcell_comb     ; 75                          ;
;     arith             ; 28                          ;
;         1 data inputs ; 28                          ;
;     normal            ; 47                          ;
;         1 data inputs ; 5                           ;
;         2 data inputs ; 5                           ;
;         3 data inputs ; 6                           ;
;         4 data inputs ; 5                           ;
;         5 data inputs ; 4                           ;
;         6 data inputs ; 22                          ;
; boundary_port         ; 32                          ;
;                       ;                             ;
; Max LUT depth         ; 3.40                        ;
; Average LUT depth     ; 1.95                        ;
+-----------------------+-----------------------------+


+-------------------------------+
; Elapsed Time Per Partition    ;
+----------------+--------------+
; Partition Name ; Elapsed Time ;
+----------------+--------------+
; Top            ; 00:00:00     ;
+----------------+--------------+


+-------------------------------+
; Analysis & Synthesis Messages ;
+-------------------------------+
Info: *******************************************************************
Info: Running Quartus Prime Analysis & Synthesis
    Info: Version 17.1.0 Build 590 10/25/2017 SJ Lite Edition
    Info: Processing started: Fri Oct 26 09:04:17 2018
Info: Command: quartus_map --read_settings_files=on --write_settings_files=off Proyecto_Final -c Proyecto_Final
Warning (18236): Number of processors has not been specified which may cause overloading on shared machines.  Set the global assignment NUM_PARALLEL_PROCESSORS in your QSF to an appropriate value for best performance.
Info (20030): Parallel compilation is enabled and will use 4 of the 4 processors detected
Info (12021): Found 1 design units, including 1 entities, in source file vgacontroller_tb.sv
    Info (12023): Found entity 1: vgaController_tb File: C:/Users/user/Desktop/Proyecto_Final/vgaController_tb.sv Line: 1
Info (12021): Found 1 design units, including 1 entities, in source file vgacontroller.sv
    Info (12023): Found entity 1: vgaController File: C:/Users/user/Desktop/Proyecto_Final/vgaController.sv Line: 1
Info (12021): Found 1 design units, including 1 entities, in source file vga_tb.sv
    Info (12023): Found entity 1: vga_tb File: C:/Users/user/Desktop/Proyecto_Final/vga_tb.sv Line: 1
Info (12021): Found 1 design units, including 1 entities, in source file vga.sv
    Info (12023): Found entity 1: vga File: C:/Users/user/Desktop/Proyecto_Final/vga.sv Line: 1
Info (12021): Found 1 design units, including 1 entities, in source file selectorcuadrante_tb.sv
    Info (12023): Found entity 1: selectorCuadrante_tb File: C:/Users/user/Desktop/Proyecto_Final/selectorCuadrante_tb.sv Line: 1
Info (12021): Found 1 design units, including 1 entities, in source file selectorcuadrante.sv
    Info (12023): Found entity 1: selectorCuadrante File: C:/Users/user/Desktop/Proyecto_Final/selectorCuadrante.sv Line: 1
Info (12021): Found 1 design units, including 1 entities, in source file orgate_n.sv
    Info (12023): Found entity 1: orGate_n File: C:/Users/user/Desktop/Proyecto_Final/orGate_n.sv Line: 1
Info (12021): Found 1 design units, including 1 entities, in source file n_counter_tb.sv
    Info (12023): Found entity 1: n_counter_tb File: C:/Users/user/Desktop/Proyecto_Final/n_counter_tb.sv Line: 1
Info (12021): Found 1 design units, including 1 entities, in source file n_counter_rand1.sv
    Info (12023): Found entity 1: n_counter_rand1 File: C:/Users/user/Desktop/Proyecto_Final/n_counter_rand1.sv Line: 1
Info (12021): Found 1 design units, including 1 entities, in source file n_counter.sv
    Info (12023): Found entity 1: n_counter File: C:/Users/user/Desktop/Proyecto_Final/n_counter.sv Line: 1
Info (12021): Found 1 design units, including 1 entities, in source file mux4_tb.sv
    Info (12023): Found entity 1: mux4_tb File: C:/Users/user/Desktop/Proyecto_Final/mux4_tb.sv Line: 1
Info (12021): Found 1 design units, including 1 entities, in source file mux4.sv
    Info (12023): Found entity 1: mux4 File: C:/Users/user/Desktop/Proyecto_Final/mux4.sv Line: 1
Info (12021): Found 1 design units, including 1 entities, in source file generadorcolor.sv
    Info (12023): Found entity 1: generadorColor File: C:/Users/user/Desktop/Proyecto_Final/generadorColor.sv Line: 1
Info (12021): Found 1 design units, including 1 entities, in source file freqdivider_tb.sv
    Info (12023): Found entity 1: freqDivider_tb File: C:/Users/user/Desktop/Proyecto_Final/freqDivider_tb.sv Line: 1
Info (12021): Found 1 design units, including 1 entities, in source file freqdivider.sv
    Info (12023): Found entity 1: freqDivider File: C:/Users/user/Desktop/Proyecto_Final/freqDivider.sv Line: 1
Info (12021): Found 0 design units, including 0 entities, in source file example.sv
Info (12021): Found 1 design units, including 1 entities, in source file controlpintado_tb.sv
    Info (12023): Found entity 1: controlPintado_tb File: C:/Users/user/Desktop/Proyecto_Final/controlPintado_tb.sv Line: 1
Info (12021): Found 1 design units, including 1 entities, in source file controlpintado.sv
    Info (12023): Found entity 1: controlPintado File: C:/Users/user/Desktop/Proyecto_Final/controlPintado.sv Line: 1
Info (12021): Found 1 design units, including 1 entities, in source file colorregister.sv
    Info (12023): Found entity 1: colorRegister File: C:/Users/user/Desktop/Proyecto_Final/colorRegister.sv Line: 1
Info (12127): Elaborating entity "vga" for the top level hierarchy
Info (12128): Elaborating entity "controlPintado" for hierarchy "controlPintado:pintor" File: C:/Users/user/Desktop/Proyecto_Final/vga.sv Line: 15
Info (12128): Elaborating entity "generadorColor" for hierarchy "generadorColor:genColor" File: C:/Users/user/Desktop/Proyecto_Final/vga.sv Line: 18
Info (12128): Elaborating entity "n_counter" for hierarchy "generadorColor:genColor|n_counter:randColor1" File: C:/Users/user/Desktop/Proyecto_Final/generadorColor.sv Line: 9
Info (12128): Elaborating entity "n_counter_rand1" for hierarchy "generadorColor:genColor|n_counter_rand1:randColor2" File: C:/Users/user/Desktop/Proyecto_Final/generadorColor.sv Line: 10
Info (12128): Elaborating entity "n_counter" for hierarchy "generadorColor:genColor|n_counter:randColor4" File: C:/Users/user/Desktop/Proyecto_Final/generadorColor.sv Line: 14
Info (12128): Elaborating entity "colorRegister" for hierarchy "colorRegister:C1" File: C:/Users/user/Desktop/Proyecto_Final/vga.sv Line: 21
Info (12128): Elaborating entity "freqDivider" for hierarchy "freqDivider:vgaCLOCK" File: C:/Users/user/Desktop/Proyecto_Final/vga.sv Line: 27
Info (12128): Elaborating entity "vgaController" for hierarchy "vgaController:pantallazo" File: C:/Users/user/Desktop/Proyecto_Final/vga.sv Line: 31
Info (12128): Elaborating entity "selectorCuadrante" for hierarchy "selectorCuadrante:SC" File: C:/Users/user/Desktop/Proyecto_Final/vga.sv Line: 34
Info (12128): Elaborating entity "mux4" for hierarchy "mux4:colorMux" File: C:/Users/user/Desktop/Proyecto_Final/vga.sv Line: 37
Info (286030): Timing-Driven Synthesis is running
Info (17049): 2 registers lost all their fanouts during netlist optimizations.
Info (16010): Generating hard_block partition "hard_block:auto_generated_inst"
    Info (16011): Adding 0 node(s), including 0 DDIO, 0 PLL, 0 transceiver and 0 LCELL
Info (21057): Implemented 189 device resources after synthesis - the final resource count might be different
    Info (21058): Implemented 3 input pins
    Info (21059): Implemented 29 output pins
    Info (21061): Implemented 157 logic cells
Info: Quartus Prime Analysis & Synthesis was successful. 0 errors, 1 warning
    Info: Peak virtual memory: 4855 megabytes
    Info: Processing ended: Fri Oct 26 09:04:28 2018
    Info: Elapsed time: 00:00:11
    Info: Total CPU time (on all processors): 00:00:20


